c:\users\장우석\desktop\termp1012\termp\termp\release\vc141.pdb
c:\users\장우석\desktop\termp1012\termp\termp\release\c_ship.obj
c:\users\장우석\desktop\termp1012\termp\termp\release\c_missile.obj
c:\users\장우석\desktop\termp1012\termp\termp\release\termp.obj
c:\users\장우석\desktop\termp1012\termp\termp\release\c_scene.obj
c:\users\장우석\desktop\termp1012\termp\termp\release\c_background.obj
c:\users\장우석\desktop\termp1012\termp\termp\release\termp.pch
c:\users\장우석\desktop\termp1012\termp\termp\release\pch.obj
c:\users\장우석\desktop\termp1012\termp\termp\release\texture.obj
c:\users\장우석\desktop\termp1012\termp\termp\release\objloader.obj
c:\users\장우석\desktop\termp1012\termp\termp\release\c_weather.obj
c:\users\장우석\desktop\termp1012\termp\termp\release\c_ui.obj
c:\users\장우석\desktop\termp1012\termp\termp\release\c_sky.obj
c:\users\장우석\desktop\termp1012\termp\termp\release\c_light.obj
c:\users\장우석\desktop\termp1012\termp\termp\release\c_land.obj
c:\users\장우석\desktop\termp1012\termp\termp\release\texturemanager.obj
c:\users\장우석\desktop\termp1012\termp\termp\release\sound.obj
c:\users\장우석\desktop\termp1012\termp\release\termp.exe
c:\users\장우석\desktop\termp1012\termp\release\termp.pdb
c:\users\장우석\desktop\termp1012\termp\termp\release\termp.res
c:\users\장우석\desktop\termp1012\termp\release\termp.ipdb
c:\users\장우석\desktop\termp1012\termp\release\termp.iobj
c:\users\장우석\desktop\termp1012\termp\termp\release\termp.tlog\cl.command.1.tlog
c:\users\장우석\desktop\termp1012\termp\termp\release\termp.tlog\cl.read.1.tlog
c:\users\장우석\desktop\termp1012\termp\termp\release\termp.tlog\cl.write.1.tlog
c:\users\장우석\desktop\termp1012\termp\termp\release\termp.tlog\link.command.1.tlog
c:\users\장우석\desktop\termp1012\termp\termp\release\termp.tlog\link.read.1.tlog
c:\users\장우석\desktop\termp1012\termp\termp\release\termp.tlog\link.write.1.tlog
c:\users\장우석\desktop\termp1012\termp\termp\release\termp.tlog\rc.command.1.tlog
c:\users\장우석\desktop\termp1012\termp\termp\release\termp.tlog\rc.read.1.tlog
c:\users\장우석\desktop\termp1012\termp\termp\release\termp.tlog\rc.write.1.tlog
c:\users\장우석\desktop\termp1012\termp\termp\release\termp.tlog\termp.write.1u.tlog
