d:\3-2\gamesoftwareengineering\gitproject\02_2015180029\simplegame\x64\debug\simplegame.pch
d:\3-2\gamesoftwareengineering\gitproject\02_2015180029\simplegame\x64\debug\vc142.pdb
d:\3-2\gamesoftwareengineering\gitproject\02_2015180029\simplegame\x64\debug\vc142.idb
d:\3-2\gamesoftwareengineering\gitproject\02_2015180029\simplegame\x64\debug\stdafx.obj
d:\3-2\gamesoftwareengineering\gitproject\02_2015180029\simplegame\x64\debug\simplegame.obj
d:\3-2\gamesoftwareengineering\gitproject\02_2015180029\simplegame\x64\debug\scnmgr.obj
d:\3-2\gamesoftwareengineering\gitproject\02_2015180029\simplegame\x64\debug\objects.obj
d:\3-2\gamesoftwareengineering\gitproject\02_2015180029\simplegame\x64\debug\renderer.obj
d:\3-2\gamesoftwareengineering\gitproject\02_2015180029\x64\debug\simplegame.exe
d:\3-2\gamesoftwareengineering\gitproject\02_2015180029\x64\debug\simplegame.ilk
d:\3-2\gamesoftwareengineering\gitproject\02_2015180029\x64\debug\simplegame.pdb
d:\3-2\gamesoftwareengineering\gitproject\02_2015180029\simplegame\x64\debug\simplegame.res
d:\3-2\gamesoftwareengineering\gitproject\02_2015180029\simplegame\x64\debug\simplegame.tlog\cl.command.1.tlog
d:\3-2\gamesoftwareengineering\gitproject\02_2015180029\simplegame\x64\debug\simplegame.tlog\cl.read.1.tlog
d:\3-2\gamesoftwareengineering\gitproject\02_2015180029\simplegame\x64\debug\simplegame.tlog\cl.write.1.tlog
d:\3-2\gamesoftwareengineering\gitproject\02_2015180029\simplegame\x64\debug\simplegame.tlog\link.command.1.tlog
d:\3-2\gamesoftwareengineering\gitproject\02_2015180029\simplegame\x64\debug\simplegame.tlog\link.read.1.tlog
d:\3-2\gamesoftwareengineering\gitproject\02_2015180029\simplegame\x64\debug\simplegame.tlog\link.write.1.tlog
d:\3-2\gamesoftwareengineering\gitproject\02_2015180029\simplegame\x64\debug\simplegame.tlog\rc.command.1.tlog
d:\3-2\gamesoftwareengineering\gitproject\02_2015180029\simplegame\x64\debug\simplegame.tlog\rc.read.1.tlog
d:\3-2\gamesoftwareengineering\gitproject\02_2015180029\simplegame\x64\debug\simplegame.tlog\rc.write.1.tlog
