c:\users\oh\source\repos\project20\project20\debug\vc141.pdb
c:\users\oh\source\repos\project20\project20\debug\vc141.idb
c:\users\oh\source\repos\project20\project20\debug\소스.obj
c:\users\oh\source\repos\project20 (2)\project20\debug\vc141.pdb
c:\users\oh\source\repos\project20 (2)\project20\debug\vc141.idb
c:\users\oh\source\repos\project20 (2)\project20\debug\2015182006김동환.obj
c:\users\oh\source\repos\project20 (2)\project20\debug\소스1.obj
c:\users\oh\source\repos\project20\debug\project20.exe
c:\users\oh\source\repos\project20\debug\project20.ilk
c:\users\oh\source\repos\project20\debug\project20.pdb
c:\users\oh\source\repos\project20 (2)\project20\debug\소스.obj
c:\users\oh\source\repos\project20 (2)\debug\project20.pdb
c:\users\oh\source\repos\project20 (2)\debug\project20.exe
c:\users\oh\source\repos\project20 (2)\debug\project20.ilk
c:\users\oh\source\repos\project20 (2)\project20\debug\project20.tlog\cl.command.1.tlog
c:\users\oh\source\repos\project20 (2)\project20\debug\project20.tlog\cl.read.1.tlog
c:\users\oh\source\repos\project20 (2)\project20\debug\project20.tlog\cl.write.1.tlog
c:\users\oh\source\repos\project20 (2)\project20\debug\project20.tlog\link.command.1.tlog
c:\users\oh\source\repos\project20 (2)\project20\debug\project20.tlog\link.read.1.tlog
c:\users\oh\source\repos\project20 (2)\project20\debug\project20.tlog\link.write.1.tlog
