d:\github\gamesogong\simplegame\release\simplegame.pch
d:\github\gamesogong\simplegame\release\vc141.pdb
d:\github\gamesogong\simplegame\release\stdafx.obj
d:\github\gamesogong\simplegame\release\simplegame.obj
d:\github\gamesogong\simplegame\release\scnmgr.obj
d:\github\gamesogong\simplegame\release\renderer.obj
d:\github\gamesogong\simplegame\release\player.obj
d:\github\gamesogong\simplegame\release\object.obj
d:\github\gamesogong\simplegame\release\loadpng.obj
d:\github\gamesogong\release\simplegame.exe
d:\github\gamesogong\release\simplegame.pdb
d:\github\gamesogong\simplegame\release\simplegame.res
d:\github\gamesogong\simplegame\release\simplegame.ipdb
d:\github\gamesogong\simplegame\release\simplegame.iobj
d:\github\gamesogong\release\simplegame.ipdb
d:\github\gamesogong\release\simplegame.iobj
d:\github\gamesogong\simplegame\release\simplegame.pdb
d:\github\gamesogong\simplegame\release\simplegame.tlog\cl.command.1.tlog
d:\github\gamesogong\simplegame\release\simplegame.tlog\cl.read.1.tlog
d:\github\gamesogong\simplegame\release\simplegame.tlog\cl.write.1.tlog
d:\github\gamesogong\simplegame\release\simplegame.tlog\link.command.1.tlog
d:\github\gamesogong\simplegame\release\simplegame.tlog\link.read.1.tlog
d:\github\gamesogong\simplegame\release\simplegame.tlog\link.write.1.tlog
d:\github\gamesogong\simplegame\release\simplegame.tlog\rc.command.1.tlog
d:\github\gamesogong\simplegame\release\simplegame.tlog\rc.read.1.tlog
d:\github\gamesogong\simplegame\release\simplegame.tlog\rc.write.1.tlog
d:\github\gamesogong\simplegame\release\simplegame.tlog\simplegame.write.1u.tlog
